<?xml version="1.0" encoding="UTF-8"?>
<!-- Generated by org.testng.reporters.JUnitReportReporter -->
<testsuite hostname="RaviKonka" failures="0" tests="1" name="com.w2a.TestCases.CreateAccountTest" time="21.477" errors="0" timestamp="2023-12-04T14:13:40 CST" skipped="0">
  <testcase classname="com.w2a.TestCases.CreateAccountTest" name="createAccountTest" time="21.477"/>
  <system-out/>
</testsuite> <!-- com.w2a.TestCases.CreateAccountTest -->
