<?xml version="1.0" encoding="UTF-8"?>
<!-- Generated by org.testng.reporters.JUnitReportReporter -->
<testsuite hostname="RaviKonka" failures="0" tests="1" name="com.w2a.TestCases.LoginTest" time="0.983" errors="0" timestamp="2023-12-04T14:13:40 CST" skipped="0">
  <testcase classname="com.w2a.TestCases.LoginTest" name="loginTest" time="0.983"/>
  <system-out/>
</testsuite> <!-- com.w2a.TestCases.LoginTest -->
